<?xml version="1.0" encoding="UTF-8"?>
<!-- Generated by org.testng.reporters.JUnitReportReporter -->
<testsuite skipped="0" hostname="DESKTOP-HUFJK83" name="com.crm.test.HomePageTest" tests="4" failures="0" timestamp="21 Dec 2019 05:57:02 GMT" time="118.086" errors="0">
  <testcase name="MatchLogo" time="32.223" classname="com.crm.test.HomePageTest"/>
  <testcase name="SearchFunctionality" time="32.207" classname="com.crm.test.HomePageTest"/>
  <testcase name="MatchTextTest" time="28.985" classname="com.crm.test.HomePageTest"/>
  <testcase name="GotoLink" time="24.671" classname="com.crm.test.HomePageTest"/>
</testsuite> <!-- com.crm.test.HomePageTest -->
