<?xml version="1.0" encoding="UTF-8"?>
<!-- Generated by org.testng.reporters.JUnitXMLReporter -->
<testsuite hostname="DESKTOP-HUFJK83" ignored="0" name="Test" tests="5" failures="0" timestamp="21 Dec 2019 05:57:02 GMT" time="139.215" errors="0">
  <testcase name="MatchLogo" time="11.848" classname="com.crm.test.HomePageTest"/>
  <testcase name="loginTest" time="11.01" classname="com.crm.test.LoginPageTest"/>
  <testcase name="SearchFunctionality" time="11.042" classname="com.crm.test.HomePageTest"/>
  <testcase name="MatchTextTest" time="5.72" classname="com.crm.test.HomePageTest"/>
  <testcase name="GotoLink" time="5.823" classname="com.crm.test.HomePageTest"/>
</testsuite> <!-- Test -->
